{"total": {"lines":{"total":13599,"covered":4197,"skipped":0,"pct":30.86},"statements":{"total":13599,"covered":4197,"skipped":0,"pct":30.86},"functions":{"total":200,"covered":103,"skipped":0,"pct":51.5},"branches":{"total":582,"covered":317,"skipped":0,"pct":54.46},"branchesTrue":{"total":0,"covered":0,"skipped":0,"pct":100}}
,"/Users/shyaam/Desktop/week2ecom/authworker/index.js": {"lines":{"total":186,"covered":0,"skipped":0,"pct":0},"functions":{"total":1,"covered":0,"skipped":0,"pct":0},"statements":{"total":186,"covered":0,"skipped":0,"pct":0},"branches":{"total":1,"covered":0,"skipped":0,"pct":0}}
,"/Users/shyaam/Desktop/week2ecom/authworker/controllers/authController.js": {"lines":{"total":620,"covered":0,"skipped":0,"pct":0},"functions":{"total":1,"covered":0,"skipped":0,"pct":0},"statements":{"total":620,"covered":0,"skipped":0,"pct":0},"branches":{"total":1,"covered":0,"skipped":0,"pct":0}}
,"/Users/shyaam/Desktop/week2ecom/authworker/controllers/profileController.js": {"lines":{"total":184,"covered":0,"skipped":0,"pct":0},"functions":{"total":1,"covered":0,"skipped":0,"pct":0},"statements":{"total":184,"covered":0,"skipped":0,"pct":0},"branches":{"total":1,"covered":0,"skipped":0,"pct":0}}
,"/Users/shyaam/Desktop/week2ecom/authworker/models/sessionModel.js": {"lines":{"total":151,"covered":138,"skipped":0,"pct":91.39},"functions":{"total":6,"covered":5,"skipped":0,"pct":83.33},"statements":{"total":151,"covered":138,"skipped":0,"pct":91.39},"branches":{"total":15,"covered":14,"skipped":0,"pct":93.33}}
,"/Users/shyaam/Desktop/week2ecom/authworker/models/userModel.js": {"lines":{"total":148,"covered":129,"skipped":0,"pct":87.16},"functions":{"total":5,"covered":4,"skipped":0,"pct":80},"statements":{"total":148,"covered":129,"skipped":0,"pct":87.16},"branches":{"total":12,"covered":10,"skipped":0,"pct":83.33}}
,"/Users/shyaam/Desktop/week2ecom/authworker/services/authService.js": {"lines":{"total":354,"covered":311,"skipped":0,"pct":87.85},"functions":{"total":11,"covered":9,"skipped":0,"pct":81.81},"statements":{"total":354,"covered":311,"skipped":0,"pct":87.85},"branches":{"total":43,"covered":30,"skipped":0,"pct":69.76}}
,"/Users/shyaam/Desktop/week2ecom/authworker/services/profileService.js": {"lines":{"total":291,"covered":0,"skipped":0,"pct":0},"functions":{"total":1,"covered":0,"skipped":0,"pct":0},"statements":{"total":291,"covered":0,"skipped":0,"pct":0},"branches":{"total":1,"covered":0,"skipped":0,"pct":0}}
,"/Users/shyaam/Desktop/week2ecom/authworker/validation/authValidation.js": {"lines":{"total":32,"covered":32,"skipped":0,"pct":100},"functions":{"total":0,"covered":0,"skipped":0,"pct":100},"statements":{"total":32,"covered":32,"skipped":0,"pct":100},"branches":{"total":1,"covered":1,"skipped":0,"pct":100}}
,"/Users/shyaam/Desktop/week2ecom/authworker/validation/profileValidation.js": {"lines":{"total":67,"covered":0,"skipped":0,"pct":0},"functions":{"total":1,"covered":0,"skipped":0,"pct":0},"statements":{"total":67,"covered":0,"skipped":0,"pct":0},"branches":{"total":1,"covered":0,"skipped":0,"pct":0}}
,"/Users/shyaam/Desktop/week2ecom/cartworker/index.js": {"lines":{"total":109,"covered":0,"skipped":0,"pct":0},"functions":{"total":1,"covered":0,"skipped":0,"pct":0},"statements":{"total":109,"covered":0,"skipped":0,"pct":0},"branches":{"total":1,"covered":0,"skipped":0,"pct":0}}
,"/Users/shyaam/Desktop/week2ecom/cartworker/controllers/cartController.js": {"lines":{"total":490,"covered":0,"skipped":0,"pct":0},"functions":{"total":1,"covered":0,"skipped":0,"pct":0},"statements":{"total":490,"covered":0,"skipped":0,"pct":0},"branches":{"total":1,"covered":0,"skipped":0,"pct":0}}
,"/Users/shyaam/Desktop/week2ecom/cartworker/models/cartModel.js": {"lines":{"total":150,"covered":109,"skipped":0,"pct":72.66},"functions":{"total":6,"covered":3,"skipped":0,"pct":50},"statements":{"total":150,"covered":109,"skipped":0,"pct":72.66},"branches":{"total":9,"covered":5,"skipped":0,"pct":55.55}}
,"/Users/shyaam/Desktop/week2ecom/cartworker/services/cartService.js": {"lines":{"total":539,"covered":329,"skipped":0,"pct":61.03},"functions":{"total":7,"covered":4,"skipped":0,"pct":57.14},"statements":{"total":539,"covered":329,"skipped":0,"pct":61.03},"branches":{"total":74,"covered":42,"skipped":0,"pct":56.75}}
,"/Users/shyaam/Desktop/week2ecom/cartworker/validation/cartValidation.js": {"lines":{"total":14,"covered":0,"skipped":0,"pct":0},"functions":{"total":1,"covered":0,"skipped":0,"pct":0},"statements":{"total":14,"covered":0,"skipped":0,"pct":0},"branches":{"total":1,"covered":0,"skipped":0,"pct":0}}
,"/Users/shyaam/Desktop/week2ecom/catalogworker/index.js": {"lines":{"total":202,"covered":0,"skipped":0,"pct":0},"functions":{"total":1,"covered":0,"skipped":0,"pct":0},"statements":{"total":202,"covered":0,"skipped":0,"pct":0},"branches":{"total":1,"covered":0,"skipped":0,"pct":0}}
,"/Users/shyaam/Desktop/week2ecom/catalogworker/controllers/adminController.js": {"lines":{"total":455,"covered":0,"skipped":0,"pct":0},"functions":{"total":1,"covered":0,"skipped":0,"pct":0},"statements":{"total":455,"covered":0,"skipped":0,"pct":0},"branches":{"total":1,"covered":0,"skipped":0,"pct":0}}
,"/Users/shyaam/Desktop/week2ecom/catalogworker/controllers/catalogController.js": {"lines":{"total":106,"covered":0,"skipped":0,"pct":0},"functions":{"total":1,"covered":0,"skipped":0,"pct":0},"statements":{"total":106,"covered":0,"skipped":0,"pct":0},"branches":{"total":1,"covered":0,"skipped":0,"pct":0}}
,"/Users/shyaam/Desktop/week2ecom/catalogworker/controllers/imageController.js": {"lines":{"total":162,"covered":0,"skipped":0,"pct":0},"functions":{"total":1,"covered":0,"skipped":0,"pct":0},"statements":{"total":162,"covered":0,"skipped":0,"pct":0},"branches":{"total":1,"covered":0,"skipped":0,"pct":0}}
,"/Users/shyaam/Desktop/week2ecom/catalogworker/models/productModel.js": {"lines":{"total":200,"covered":69,"skipped":0,"pct":34.5},"functions":{"total":6,"covered":1,"skipped":0,"pct":16.66},"statements":{"total":200,"covered":69,"skipped":0,"pct":34.5},"branches":{"total":3,"covered":3,"skipped":0,"pct":100}}
,"/Users/shyaam/Desktop/week2ecom/catalogworker/services/catalogService.js": {"lines":{"total":295,"covered":150,"skipped":0,"pct":50.84},"functions":{"total":7,"covered":3,"skipped":0,"pct":42.85},"statements":{"total":295,"covered":150,"skipped":0,"pct":50.84},"branches":{"total":20,"covered":9,"skipped":0,"pct":45}}
,"/Users/shyaam/Desktop/week2ecom/fulfillmentworker/index.js": {"lines":{"total":164,"covered":0,"skipped":0,"pct":0},"functions":{"total":1,"covered":0,"skipped":0,"pct":0},"statements":{"total":164,"covered":0,"skipped":0,"pct":0},"branches":{"total":1,"covered":0,"skipped":0,"pct":0}}
,"/Users/shyaam/Desktop/week2ecom/fulfillmentworker/controllers/adminController.js": {"lines":{"total":248,"covered":0,"skipped":0,"pct":0},"functions":{"total":1,"covered":0,"skipped":0,"pct":0},"statements":{"total":248,"covered":0,"skipped":0,"pct":0},"branches":{"total":1,"covered":0,"skipped":0,"pct":0}}
,"/Users/shyaam/Desktop/week2ecom/fulfillmentworker/controllers/fulfillmentController.js": {"lines":{"total":365,"covered":0,"skipped":0,"pct":0},"functions":{"total":1,"covered":0,"skipped":0,"pct":0},"statements":{"total":365,"covered":0,"skipped":0,"pct":0},"branches":{"total":1,"covered":0,"skipped":0,"pct":0}}
,"/Users/shyaam/Desktop/week2ecom/fulfillmentworker/models/inventoryModel.js": {"lines":{"total":427,"covered":250,"skipped":0,"pct":58.54},"functions":{"total":9,"covered":7,"skipped":0,"pct":77.77},"statements":{"total":427,"covered":250,"skipped":0,"pct":58.54},"branches":{"total":19,"covered":10,"skipped":0,"pct":52.63}}
,"/Users/shyaam/Desktop/week2ecom/fulfillmentworker/models/shippingModel.js": {"lines":{"total":595,"covered":364,"skipped":0,"pct":61.17},"functions":{"total":8,"covered":5,"skipped":0,"pct":62.5},"statements":{"total":595,"covered":364,"skipped":0,"pct":61.17},"branches":{"total":58,"covered":16,"skipped":0,"pct":27.58}}
,"/Users/shyaam/Desktop/week2ecom/fulfillmentworker/models/warehouseModel.js": {"lines":{"total":224,"covered":124,"skipped":0,"pct":55.35},"functions":{"total":8,"covered":4,"skipped":0,"pct":50},"statements":{"total":224,"covered":124,"skipped":0,"pct":55.35},"branches":{"total":13,"covered":5,"skipped":0,"pct":38.46}}
,"/Users/shyaam/Desktop/week2ecom/fulfillmentworker/services/fulfillmentService.js": {"lines":{"total":319,"covered":182,"skipped":0,"pct":57.05},"functions":{"total":9,"covered":5,"skipped":0,"pct":55.55},"statements":{"total":319,"covered":182,"skipped":0,"pct":57.05},"branches":{"total":21,"covered":18,"skipped":0,"pct":85.71}}
,"/Users/shyaam/Desktop/week2ecom/fulfillmentworker/validation/fulfillmentValidation.js": {"lines":{"total":44,"covered":0,"skipped":0,"pct":0},"functions":{"total":1,"covered":0,"skipped":0,"pct":0},"statements":{"total":44,"covered":0,"skipped":0,"pct":0},"branches":{"total":1,"covered":0,"skipped":0,"pct":0}}
,"/Users/shyaam/Desktop/week2ecom/healthcheckworker/index.js": {"lines":{"total":393,"covered":209,"skipped":0,"pct":53.18},"functions":{"total":2,"covered":2,"skipped":0,"pct":100},"statements":{"total":393,"covered":209,"skipped":0,"pct":53.18},"branches":{"total":35,"covered":20,"skipped":0,"pct":57.14}}
,"/Users/shyaam/Desktop/week2ecom/logworker/index.js": {"lines":{"total":70,"covered":0,"skipped":0,"pct":0},"functions":{"total":1,"covered":0,"skipped":0,"pct":0},"statements":{"total":70,"covered":0,"skipped":0,"pct":0},"branches":{"total":1,"covered":0,"skipped":0,"pct":0}}
,"/Users/shyaam/Desktop/week2ecom/logworker/controllers/logController.js": {"lines":{"total":200,"covered":0,"skipped":0,"pct":0},"functions":{"total":1,"covered":0,"skipped":0,"pct":0},"statements":{"total":200,"covered":0,"skipped":0,"pct":0},"branches":{"total":1,"covered":0,"skipped":0,"pct":0}}
,"/Users/shyaam/Desktop/week2ecom/logworker/services/logService.js": {"lines":{"total":186,"covered":122,"skipped":0,"pct":65.59},"functions":{"total":2,"covered":1,"skipped":0,"pct":50},"statements":{"total":186,"covered":122,"skipped":0,"pct":65.59},"branches":{"total":25,"covered":17,"skipped":0,"pct":68}}
,"/Users/shyaam/Desktop/week2ecom/logworker/validation/logValidation.js": {"lines":{"total":13,"covered":0,"skipped":0,"pct":0},"functions":{"total":1,"covered":0,"skipped":0,"pct":0},"statements":{"total":13,"covered":0,"skipped":0,"pct":0},"branches":{"total":1,"covered":0,"skipped":0,"pct":0}}
,"/Users/shyaam/Desktop/week2ecom/ordersworker/index.js": {"lines":{"total":243,"covered":0,"skipped":0,"pct":0},"functions":{"total":1,"covered":0,"skipped":0,"pct":0},"statements":{"total":243,"covered":0,"skipped":0,"pct":0},"branches":{"total":1,"covered":0,"skipped":0,"pct":0}}
,"/Users/shyaam/Desktop/week2ecom/ordersworker/controllers/authController.js": {"lines":{"total":152,"covered":0,"skipped":0,"pct":0},"functions":{"total":1,"covered":0,"skipped":0,"pct":0},"statements":{"total":152,"covered":0,"skipped":0,"pct":0},"branches":{"total":1,"covered":0,"skipped":0,"pct":0}}
,"/Users/shyaam/Desktop/week2ecom/ordersworker/controllers/ordersController.js": {"lines":{"total":344,"covered":0,"skipped":0,"pct":0},"functions":{"total":1,"covered":0,"skipped":0,"pct":0},"statements":{"total":344,"covered":0,"skipped":0,"pct":0},"branches":{"total":1,"covered":0,"skipped":0,"pct":0}}
,"/Users/shyaam/Desktop/week2ecom/ordersworker/models/orderModel.js": {"lines":{"total":195,"covered":141,"skipped":0,"pct":72.3},"functions":{"total":4,"covered":2,"skipped":0,"pct":50},"statements":{"total":195,"covered":141,"skipped":0,"pct":72.3},"branches":{"total":21,"covered":8,"skipped":0,"pct":38.09}}
,"/Users/shyaam/Desktop/week2ecom/ordersworker/services/orderSagaService.js": {"lines":{"total":764,"covered":45,"skipped":0,"pct":5.89},"functions":{"total":3,"covered":0,"skipped":0,"pct":0},"statements":{"total":764,"covered":45,"skipped":0,"pct":5.89},"branches":{"total":1,"covered":1,"skipped":0,"pct":100}}
,"/Users/shyaam/Desktop/week2ecom/ordersworker/services/orderService.js": {"lines":{"total":124,"covered":99,"skipped":0,"pct":79.83},"functions":{"total":6,"covered":3,"skipped":0,"pct":50},"statements":{"total":124,"covered":99,"skipped":0,"pct":79.83},"branches":{"total":7,"covered":7,"skipped":0,"pct":100}}
,"/Users/shyaam/Desktop/week2ecom/ordersworker/validation/orderValidation.js": {"lines":{"total":17,"covered":0,"skipped":0,"pct":0},"functions":{"total":1,"covered":0,"skipped":0,"pct":0},"statements":{"total":17,"covered":0,"skipped":0,"pct":0},"branches":{"total":1,"covered":0,"skipped":0,"pct":0}}
,"/Users/shyaam/Desktop/week2ecom/paymentworker/index.js": {"lines":{"total":128,"covered":0,"skipped":0,"pct":0},"functions":{"total":1,"covered":0,"skipped":0,"pct":0},"statements":{"total":128,"covered":0,"skipped":0,"pct":0},"branches":{"total":1,"covered":0,"skipped":0,"pct":0}}
,"/Users/shyaam/Desktop/week2ecom/paymentworker/controllers/paymentController.js": {"lines":{"total":288,"covered":0,"skipped":0,"pct":0},"functions":{"total":1,"covered":0,"skipped":0,"pct":0},"statements":{"total":288,"covered":0,"skipped":0,"pct":0},"branches":{"total":1,"covered":0,"skipped":0,"pct":0}}
,"/Users/shyaam/Desktop/week2ecom/paymentworker/models/paymentModel.js": {"lines":{"total":101,"covered":40,"skipped":0,"pct":39.6},"functions":{"total":4,"covered":0,"skipped":0,"pct":0},"statements":{"total":101,"covered":40,"skipped":0,"pct":39.6},"branches":{"total":1,"covered":1,"skipped":0,"pct":100}}
,"/Users/shyaam/Desktop/week2ecom/paymentworker/services/paymentService.js": {"lines":{"total":337,"covered":277,"skipped":0,"pct":82.19},"functions":{"total":9,"covered":6,"skipped":0,"pct":66.66},"statements":{"total":337,"covered":277,"skipped":0,"pct":82.19},"branches":{"total":37,"covered":16,"skipped":0,"pct":43.24}}
,"/Users/shyaam/Desktop/week2ecom/paymentworker/validation/paymentValidation.js": {"lines":{"total":19,"covered":0,"skipped":0,"pct":0},"functions":{"total":1,"covered":0,"skipped":0,"pct":0},"statements":{"total":19,"covered":0,"skipped":0,"pct":0},"branches":{"total":1,"covered":0,"skipped":0,"pct":0}}
,"/Users/shyaam/Desktop/week2ecom/pricingworker/index.js": {"lines":{"total":110,"covered":0,"skipped":0,"pct":0},"functions":{"total":1,"covered":0,"skipped":0,"pct":0},"statements":{"total":110,"covered":0,"skipped":0,"pct":0},"branches":{"total":1,"covered":0,"skipped":0,"pct":0}}
,"/Users/shyaam/Desktop/week2ecom/pricingworker/controllers/pricingController.js": {"lines":{"total":170,"covered":0,"skipped":0,"pct":0},"functions":{"total":1,"covered":0,"skipped":0,"pct":0},"statements":{"total":170,"covered":0,"skipped":0,"pct":0},"branches":{"total":1,"covered":0,"skipped":0,"pct":0}}
,"/Users/shyaam/Desktop/week2ecom/pricingworker/models/priceModel.js": {"lines":{"total":98,"covered":83,"skipped":0,"pct":84.69},"functions":{"total":4,"covered":3,"skipped":0,"pct":75},"statements":{"total":98,"covered":83,"skipped":0,"pct":84.69},"branches":{"total":9,"covered":6,"skipped":0,"pct":66.66}}
,"/Users/shyaam/Desktop/week2ecom/pricingworker/services/pricingService.js": {"lines":{"total":98,"covered":70,"skipped":0,"pct":71.42},"functions":{"total":4,"covered":3,"skipped":0,"pct":75},"statements":{"total":98,"covered":70,"skipped":0,"pct":71.42},"branches":{"total":7,"covered":6,"skipped":0,"pct":85.71}}
,"/Users/shyaam/Desktop/week2ecom/pricingworker/validation/pricingValidation.js": {"lines":{"total":14,"covered":0,"skipped":0,"pct":0},"functions":{"total":1,"covered":0,"skipped":0,"pct":0},"statements":{"total":14,"covered":0,"skipped":0,"pct":0},"branches":{"total":1,"covered":0,"skipped":0,"pct":0}}
,"/Users/shyaam/Desktop/week2ecom/ratingworker/index.js": {"lines":{"total":89,"covered":0,"skipped":0,"pct":0},"functions":{"total":1,"covered":0,"skipped":0,"pct":0},"statements":{"total":89,"covered":0,"skipped":0,"pct":0},"branches":{"total":1,"covered":0,"skipped":0,"pct":0}}
,"/Users/shyaam/Desktop/week2ecom/ratingworker/controllers/authController.js": {"lines":{"total":138,"covered":0,"skipped":0,"pct":0},"functions":{"total":1,"covered":0,"skipped":0,"pct":0},"statements":{"total":138,"covered":0,"skipped":0,"pct":0},"branches":{"total":1,"covered":0,"skipped":0,"pct":0}}
,"/Users/shyaam/Desktop/week2ecom/ratingworker/controllers/ratingController.js": {"lines":{"total":456,"covered":0,"skipped":0,"pct":0},"functions":{"total":1,"covered":0,"skipped":0,"pct":0},"statements":{"total":456,"covered":0,"skipped":0,"pct":0},"branches":{"total":1,"covered":0,"skipped":0,"pct":0}}
,"/Users/shyaam/Desktop/week2ecom/ratingworker/models/ratingModel.js": {"lines":{"total":146,"covered":136,"skipped":0,"pct":93.15},"functions":{"total":4,"covered":4,"skipped":0,"pct":100},"statements":{"total":146,"covered":136,"skipped":0,"pct":93.15},"branches":{"total":12,"covered":6,"skipped":0,"pct":50}}
,"/Users/shyaam/Desktop/week2ecom/ratingworker/services/ratingService.js": {"lines":{"total":60,"covered":60,"skipped":0,"pct":100},"functions":{"total":4,"covered":4,"skipped":0,"pct":100},"statements":{"total":60,"covered":60,"skipped":0,"pct":100},"branches":{"total":7,"covered":7,"skipped":0,"pct":100}}
,"/Users/shyaam/Desktop/week2ecom/ratingworker/validation/ratingValidation.js": {"lines":{"total":14,"covered":0,"skipped":0,"pct":0},"functions":{"total":1,"covered":0,"skipped":0,"pct":0},"statements":{"total":14,"covered":0,"skipped":0,"pct":0},"branches":{"total":1,"covered":0,"skipped":0,"pct":0}}
,"/Users/shyaam/Desktop/week2ecom/realtimeworker/index.js": {"lines":{"total":76,"covered":0,"skipped":0,"pct":0},"functions":{"total":1,"covered":0,"skipped":0,"pct":0},"statements":{"total":76,"covered":0,"skipped":0,"pct":0},"branches":{"total":1,"covered":0,"skipped":0,"pct":0}}
,"/Users/shyaam/Desktop/week2ecom/realtimeworker/durableObjects/OrderStatusDurableObject.js": {"lines":{"total":101,"covered":0,"skipped":0,"pct":0},"functions":{"total":1,"covered":0,"skipped":0,"pct":0},"statements":{"total":101,"covered":0,"skipped":0,"pct":0},"branches":{"total":1,"covered":0,"skipped":0,"pct":0}}
,"/Users/shyaam/Desktop/week2ecom/shared/utils/adminAuth.js": {"lines":{"total":165,"covered":0,"skipped":0,"pct":0},"functions":{"total":1,"covered":0,"skipped":0,"pct":0},"statements":{"total":165,"covered":0,"skipped":0,"pct":0},"branches":{"total":1,"covered":0,"skipped":0,"pct":0}}
,"/Users/shyaam/Desktop/week2ecom/shared/utils/cors.js": {"lines":{"total":59,"covered":40,"skipped":0,"pct":67.79},"functions":{"total":2,"covered":1,"skipped":0,"pct":50},"statements":{"total":59,"covered":40,"skipped":0,"pct":67.79},"branches":{"total":3,"covered":2,"skipped":0,"pct":66.66}}
,"/Users/shyaam/Desktop/week2ecom/shared/utils/database.js": {"lines":{"total":67,"covered":50,"skipped":0,"pct":74.62},"functions":{"total":3,"covered":1,"skipped":0,"pct":33.33},"statements":{"total":67,"covered":50,"skipped":0,"pct":74.62},"branches":{"total":4,"covered":3,"skipped":0,"pct":75}}
,"/Users/shyaam/Desktop/week2ecom/shared/utils/encryption.js": {"lines":{"total":50,"covered":48,"skipped":0,"pct":96},"functions":{"total":2,"covered":2,"skipped":0,"pct":100},"statements":{"total":50,"covered":48,"skipped":0,"pct":96},"branches":{"total":15,"covered":14,"skipped":0,"pct":93.33}}
,"/Users/shyaam/Desktop/week2ecom/shared/utils/errors.js": {"lines":{"total":90,"covered":90,"skipped":0,"pct":100},"functions":{"total":7,"covered":7,"skipped":0,"pct":100},"statements":{"total":90,"covered":90,"skipped":0,"pct":100},"branches":{"total":12,"covered":12,"skipped":0,"pct":100}}
,"/Users/shyaam/Desktop/week2ecom/shared/utils/interWorker.js": {"lines":{"total":134,"covered":93,"skipped":0,"pct":69.4},"functions":{"total":5,"covered":2,"skipped":0,"pct":40},"statements":{"total":134,"covered":93,"skipped":0,"pct":69.4},"branches":{"total":7,"covered":3,"skipped":0,"pct":42.85}}
,"/Users/shyaam/Desktop/week2ecom/shared/utils/logger.js": {"lines":{"total":166,"covered":102,"skipped":0,"pct":61.44},"functions":{"total":1,"covered":1,"skipped":0,"pct":100},"statements":{"total":166,"covered":102,"skipped":0,"pct":61.44},"branches":{"total":13,"covered":3,"skipped":0,"pct":23.07}}
,"/Users/shyaam/Desktop/week2ecom/shared/utils/otel.js": {"lines":{"total":422,"covered":305,"skipped":0,"pct":72.27},"functions":{"total":15,"covered":11,"skipped":0,"pct":73.33},"statements":{"total":422,"covered":305,"skipped":0,"pct":72.27},"branches":{"total":41,"covered":22,"skipped":0,"pct":53.65}}
,"/Users/shyaam/Desktop/week2ecom/shared/utils/tracing.js": {"lines":{"total":161,"covered":0,"skipped":0,"pct":0},"functions":{"total":1,"covered":0,"skipped":0,"pct":0},"statements":{"total":161,"covered":0,"skipped":0,"pct":0},"branches":{"total":1,"covered":0,"skipped":0,"pct":0}}
}
