{"total": {"lines":{"total":17415,"covered":7907,"skipped":0,"pct":45.4},"statements":{"total":17415,"covered":7907,"skipped":0,"pct":45.4},"functions":{"total":286,"covered":193,"skipped":0,"pct":67.48},"branches":{"total":1097,"covered":645,"skipped":0,"pct":58.79},"branchesTrue":{"total":0,"covered":0,"skipped":0,"pct":100}}
,"/Users/shyaam/Desktop/week2ecom/authworker/index.js": {"lines":{"total":182,"covered":0,"skipped":0,"pct":0},"functions":{"total":1,"covered":0,"skipped":0,"pct":0},"statements":{"total":182,"covered":0,"skipped":0,"pct":0},"branches":{"total":1,"covered":0,"skipped":0,"pct":0}}
,"/Users/shyaam/Desktop/week2ecom/authworker/controllers/authController.js": {"lines":{"total":922,"covered":771,"skipped":0,"pct":83.62},"functions":{"total":9,"covered":9,"skipped":0,"pct":100},"statements":{"total":922,"covered":771,"skipped":0,"pct":83.62},"branches":{"total":90,"covered":59,"skipped":0,"pct":65.55}}
,"/Users/shyaam/Desktop/week2ecom/authworker/controllers/profileController.js": {"lines":{"total":227,"covered":218,"skipped":0,"pct":96.03},"functions":{"total":8,"covered":8,"skipped":0,"pct":100},"statements":{"total":227,"covered":218,"skipped":0,"pct":96.03},"branches":{"total":19,"covered":17,"skipped":0,"pct":89.47}}
,"/Users/shyaam/Desktop/week2ecom/authworker/models/sessionModel.js": {"lines":{"total":151,"covered":138,"skipped":0,"pct":91.39},"functions":{"total":6,"covered":5,"skipped":0,"pct":83.33},"statements":{"total":151,"covered":138,"skipped":0,"pct":91.39},"branches":{"total":16,"covered":15,"skipped":0,"pct":93.75}}
,"/Users/shyaam/Desktop/week2ecom/authworker/models/userModel.js": {"lines":{"total":172,"covered":151,"skipped":0,"pct":87.79},"functions":{"total":6,"covered":5,"skipped":0,"pct":83.33},"statements":{"total":172,"covered":151,"skipped":0,"pct":87.79},"branches":{"total":15,"covered":11,"skipped":0,"pct":73.33}}
,"/Users/shyaam/Desktop/week2ecom/authworker/services/authService.js": {"lines":{"total":367,"covered":332,"skipped":0,"pct":90.46},"functions":{"total":11,"covered":11,"skipped":0,"pct":100},"statements":{"total":367,"covered":332,"skipped":0,"pct":90.46},"branches":{"total":50,"covered":34,"skipped":0,"pct":68}}
,"/Users/shyaam/Desktop/week2ecom/authworker/services/profileService.js": {"lines":{"total":329,"covered":295,"skipped":0,"pct":89.66},"functions":{"total":8,"covered":8,"skipped":0,"pct":100},"statements":{"total":329,"covered":295,"skipped":0,"pct":89.66},"branches":{"total":30,"covered":13,"skipped":0,"pct":43.33}}
,"/Users/shyaam/Desktop/week2ecom/authworker/validation/authValidation.js": {"lines":{"total":32,"covered":32,"skipped":0,"pct":100},"functions":{"total":0,"covered":0,"skipped":0,"pct":100},"statements":{"total":32,"covered":32,"skipped":0,"pct":100},"branches":{"total":1,"covered":1,"skipped":0,"pct":100}}
,"/Users/shyaam/Desktop/week2ecom/authworker/validation/profileValidation.js": {"lines":{"total":67,"covered":61,"skipped":0,"pct":91.04},"functions":{"total":0,"covered":0,"skipped":0,"pct":100},"statements":{"total":67,"covered":61,"skipped":0,"pct":91.04},"branches":{"total":1,"covered":1,"skipped":0,"pct":100}}
,"/Users/shyaam/Desktop/week2ecom/cartworker/index.js": {"lines":{"total":159,"covered":0,"skipped":0,"pct":0},"functions":{"total":1,"covered":0,"skipped":0,"pct":0},"statements":{"total":159,"covered":0,"skipped":0,"pct":0},"branches":{"total":1,"covered":0,"skipped":0,"pct":0}}
,"/Users/shyaam/Desktop/week2ecom/cartworker/controllers/cartController.js": {"lines":{"total":512,"covered":387,"skipped":0,"pct":75.58},"functions":{"total":10,"covered":8,"skipped":0,"pct":80},"statements":{"total":512,"covered":387,"skipped":0,"pct":75.58},"branches":{"total":43,"covered":27,"skipped":0,"pct":62.79}}
,"/Users/shyaam/Desktop/week2ecom/cartworker/models/cartModel.js": {"lines":{"total":150,"covered":150,"skipped":0,"pct":100},"functions":{"total":6,"covered":6,"skipped":0,"pct":100},"statements":{"total":150,"covered":150,"skipped":0,"pct":100},"branches":{"total":16,"covered":16,"skipped":0,"pct":100}}
,"/Users/shyaam/Desktop/week2ecom/cartworker/services/cartService.js": {"lines":{"total":624,"covered":518,"skipped":0,"pct":83.01},"functions":{"total":7,"covered":6,"skipped":0,"pct":85.71},"statements":{"total":624,"covered":518,"skipped":0,"pct":83.01},"branches":{"total":116,"covered":63,"skipped":0,"pct":54.31}}
,"/Users/shyaam/Desktop/week2ecom/cartworker/validation/cartValidation.js": {"lines":{"total":14,"covered":14,"skipped":0,"pct":100},"functions":{"total":0,"covered":0,"skipped":0,"pct":100},"statements":{"total":14,"covered":14,"skipped":0,"pct":100},"branches":{"total":1,"covered":1,"skipped":0,"pct":100}}
,"/Users/shyaam/Desktop/week2ecom/catalogworker/index.js": {"lines":{"total":282,"covered":0,"skipped":0,"pct":0},"functions":{"total":1,"covered":0,"skipped":0,"pct":0},"statements":{"total":282,"covered":0,"skipped":0,"pct":0},"branches":{"total":1,"covered":0,"skipped":0,"pct":0}}
,"/Users/shyaam/Desktop/week2ecom/catalogworker/controllers/adminController.js": {"lines":{"total":592,"covered":0,"skipped":0,"pct":0},"functions":{"total":1,"covered":0,"skipped":0,"pct":0},"statements":{"total":592,"covered":0,"skipped":0,"pct":0},"branches":{"total":1,"covered":0,"skipped":0,"pct":0}}
,"/Users/shyaam/Desktop/week2ecom/catalogworker/controllers/catalogController.js": {"lines":{"total":106,"covered":79,"skipped":0,"pct":74.52},"functions":{"total":3,"covered":3,"skipped":0,"pct":100},"statements":{"total":106,"covered":79,"skipped":0,"pct":74.52},"branches":{"total":15,"covered":13,"skipped":0,"pct":86.66}}
,"/Users/shyaam/Desktop/week2ecom/catalogworker/controllers/imageController.js": {"lines":{"total":162,"covered":118,"skipped":0,"pct":72.83},"functions":{"total":3,"covered":3,"skipped":0,"pct":100},"statements":{"total":162,"covered":118,"skipped":0,"pct":72.83},"branches":{"total":24,"covered":17,"skipped":0,"pct":70.83}}
,"/Users/shyaam/Desktop/week2ecom/catalogworker/models/productModel.js": {"lines":{"total":217,"covered":217,"skipped":0,"pct":100},"functions":{"total":6,"covered":6,"skipped":0,"pct":100},"statements":{"total":217,"covered":217,"skipped":0,"pct":100},"branches":{"total":18,"covered":14,"skipped":0,"pct":77.77}}
,"/Users/shyaam/Desktop/week2ecom/catalogworker/services/catalogService.js": {"lines":{"total":329,"covered":168,"skipped":0,"pct":51.06},"functions":{"total":10,"covered":5,"skipped":0,"pct":50},"statements":{"total":329,"covered":168,"skipped":0,"pct":51.06},"branches":{"total":24,"covered":13,"skipped":0,"pct":54.16}}
,"/Users/shyaam/Desktop/week2ecom/fulfillmentworker/index.js": {"lines":{"total":287,"covered":0,"skipped":0,"pct":0},"functions":{"total":1,"covered":0,"skipped":0,"pct":0},"statements":{"total":287,"covered":0,"skipped":0,"pct":0},"branches":{"total":1,"covered":0,"skipped":0,"pct":0}}
,"/Users/shyaam/Desktop/week2ecom/fulfillmentworker/controllers/adminController.js": {"lines":{"total":322,"covered":0,"skipped":0,"pct":0},"functions":{"total":1,"covered":0,"skipped":0,"pct":0},"statements":{"total":322,"covered":0,"skipped":0,"pct":0},"branches":{"total":1,"covered":0,"skipped":0,"pct":0}}
,"/Users/shyaam/Desktop/week2ecom/fulfillmentworker/controllers/fulfillmentController.js": {"lines":{"total":476,"covered":0,"skipped":0,"pct":0},"functions":{"total":1,"covered":0,"skipped":0,"pct":0},"statements":{"total":476,"covered":0,"skipped":0,"pct":0},"branches":{"total":1,"covered":0,"skipped":0,"pct":0}}
,"/Users/shyaam/Desktop/week2ecom/fulfillmentworker/durableObjects/ReservedStockDO.js": {"lines":{"total":567,"covered":0,"skipped":0,"pct":0},"functions":{"total":1,"covered":0,"skipped":0,"pct":0},"statements":{"total":567,"covered":0,"skipped":0,"pct":0},"branches":{"total":1,"covered":0,"skipped":0,"pct":0}}
,"/Users/shyaam/Desktop/week2ecom/fulfillmentworker/models/inventoryModel.js": {"lines":{"total":449,"covered":255,"skipped":0,"pct":56.79},"functions":{"total":9,"covered":7,"skipped":0,"pct":77.77},"statements":{"total":449,"covered":255,"skipped":0,"pct":56.79},"branches":{"total":34,"covered":18,"skipped":0,"pct":52.94}}
,"/Users/shyaam/Desktop/week2ecom/fulfillmentworker/models/shippingModel.js": {"lines":{"total":595,"covered":364,"skipped":0,"pct":61.17},"functions":{"total":8,"covered":5,"skipped":0,"pct":62.5},"statements":{"total":595,"covered":364,"skipped":0,"pct":61.17},"branches":{"total":58,"covered":16,"skipped":0,"pct":27.58}}
,"/Users/shyaam/Desktop/week2ecom/fulfillmentworker/models/warehouseModel.js": {"lines":{"total":332,"covered":108,"skipped":0,"pct":32.53},"functions":{"total":8,"covered":4,"skipped":0,"pct":50},"statements":{"total":332,"covered":108,"skipped":0,"pct":32.53},"branches":{"total":14,"covered":5,"skipped":0,"pct":35.71}}
,"/Users/shyaam/Desktop/week2ecom/fulfillmentworker/services/fulfillmentService.js": {"lines":{"total":480,"covered":246,"skipped":0,"pct":51.25},"functions":{"total":13,"covered":5,"skipped":0,"pct":38.46},"statements":{"total":480,"covered":246,"skipped":0,"pct":51.25},"branches":{"total":29,"covered":20,"skipped":0,"pct":68.96}}
,"/Users/shyaam/Desktop/week2ecom/fulfillmentworker/utils/reservedStockDO.js": {"lines":{"total":163,"covered":109,"skipped":0,"pct":66.87},"functions":{"total":7,"covered":4,"skipped":0,"pct":57.14},"statements":{"total":163,"covered":109,"skipped":0,"pct":66.87},"branches":{"total":10,"covered":5,"skipped":0,"pct":50}}
,"/Users/shyaam/Desktop/week2ecom/fulfillmentworker/validation/fulfillmentValidation.js": {"lines":{"total":62,"covered":60,"skipped":0,"pct":96.77},"functions":{"total":0,"covered":0,"skipped":0,"pct":100},"statements":{"total":62,"covered":60,"skipped":0,"pct":96.77},"branches":{"total":4,"covered":3,"skipped":0,"pct":75}}
,"/Users/shyaam/Desktop/week2ecom/healthcheckworker/index.js": {"lines":{"total":474,"covered":0,"skipped":0,"pct":0},"functions":{"total":1,"covered":0,"skipped":0,"pct":0},"statements":{"total":474,"covered":0,"skipped":0,"pct":0},"branches":{"total":1,"covered":0,"skipped":0,"pct":0}}
,"/Users/shyaam/Desktop/week2ecom/logworker/index.js": {"lines":{"total":169,"covered":0,"skipped":0,"pct":0},"functions":{"total":1,"covered":0,"skipped":0,"pct":0},"statements":{"total":169,"covered":0,"skipped":0,"pct":0},"branches":{"total":1,"covered":0,"skipped":0,"pct":0}}
,"/Users/shyaam/Desktop/week2ecom/logworker/controllers/logController.js": {"lines":{"total":339,"covered":0,"skipped":0,"pct":0},"functions":{"total":1,"covered":0,"skipped":0,"pct":0},"statements":{"total":339,"covered":0,"skipped":0,"pct":0},"branches":{"total":1,"covered":0,"skipped":0,"pct":0}}
,"/Users/shyaam/Desktop/week2ecom/logworker/services/logService.js": {"lines":{"total":320,"covered":136,"skipped":0,"pct":42.5},"functions":{"total":9,"covered":7,"skipped":0,"pct":77.77},"statements":{"total":320,"covered":136,"skipped":0,"pct":42.5},"branches":{"total":18,"covered":9,"skipped":0,"pct":50}}
,"/Users/shyaam/Desktop/week2ecom/logworker/validation/logValidation.js": {"lines":{"total":17,"covered":0,"skipped":0,"pct":0},"functions":{"total":1,"covered":0,"skipped":0,"pct":0},"statements":{"total":17,"covered":0,"skipped":0,"pct":0},"branches":{"total":1,"covered":0,"skipped":0,"pct":0}}
,"/Users/shyaam/Desktop/week2ecom/ordersworker/index.js": {"lines":{"total":176,"covered":0,"skipped":0,"pct":0},"functions":{"total":1,"covered":0,"skipped":0,"pct":0},"statements":{"total":176,"covered":0,"skipped":0,"pct":0},"branches":{"total":1,"covered":0,"skipped":0,"pct":0}}
,"/Users/shyaam/Desktop/week2ecom/ordersworker/controllers/authController.js": {"lines":{"total":152,"covered":0,"skipped":0,"pct":0},"functions":{"total":1,"covered":0,"skipped":0,"pct":0},"statements":{"total":152,"covered":0,"skipped":0,"pct":0},"branches":{"total":1,"covered":0,"skipped":0,"pct":0}}
,"/Users/shyaam/Desktop/week2ecom/ordersworker/controllers/ordersController.js": {"lines":{"total":488,"covered":196,"skipped":0,"pct":40.16},"functions":{"total":10,"covered":5,"skipped":0,"pct":50},"statements":{"total":488,"covered":196,"skipped":0,"pct":40.16},"branches":{"total":31,"covered":19,"skipped":0,"pct":61.29}}
,"/Users/shyaam/Desktop/week2ecom/ordersworker/models/orderModel.js": {"lines":{"total":231,"covered":231,"skipped":0,"pct":100},"functions":{"total":5,"covered":5,"skipped":0,"pct":100},"statements":{"total":231,"covered":231,"skipped":0,"pct":100},"branches":{"total":36,"covered":34,"skipped":0,"pct":94.44}}
,"/Users/shyaam/Desktop/week2ecom/ordersworker/services/orderSagaService.js": {"lines":{"total":1874,"covered":470,"skipped":0,"pct":25.08},"functions":{"total":22,"covered":4,"skipped":0,"pct":18.18},"statements":{"total":1874,"covered":470,"skipped":0,"pct":25.08},"branches":{"total":72,"covered":7,"skipped":0,"pct":9.72}}
,"/Users/shyaam/Desktop/week2ecom/ordersworker/services/orderService.js": {"lines":{"total":166,"covered":139,"skipped":0,"pct":83.73},"functions":{"total":6,"covered":3,"skipped":0,"pct":50},"statements":{"total":166,"covered":139,"skipped":0,"pct":83.73},"branches":{"total":20,"covered":16,"skipped":0,"pct":80}}
,"/Users/shyaam/Desktop/week2ecom/ordersworker/validation/orderValidation.js": {"lines":{"total":17,"covered":17,"skipped":0,"pct":100},"functions":{"total":0,"covered":0,"skipped":0,"pct":100},"statements":{"total":17,"covered":17,"skipped":0,"pct":100},"branches":{"total":1,"covered":1,"skipped":0,"pct":100}}
,"/Users/shyaam/Desktop/week2ecom/paymentworker/index.js": {"lines":{"total":110,"covered":0,"skipped":0,"pct":0},"functions":{"total":1,"covered":0,"skipped":0,"pct":0},"statements":{"total":110,"covered":0,"skipped":0,"pct":0},"branches":{"total":1,"covered":0,"skipped":0,"pct":0}}
,"/Users/shyaam/Desktop/week2ecom/paymentworker/controllers/paymentController.js": {"lines":{"total":303,"covered":133,"skipped":0,"pct":43.89},"functions":{"total":4,"covered":3,"skipped":0,"pct":75},"statements":{"total":303,"covered":133,"skipped":0,"pct":43.89},"branches":{"total":22,"covered":7,"skipped":0,"pct":31.81}}
,"/Users/shyaam/Desktop/week2ecom/paymentworker/models/paymentModel.js": {"lines":{"total":101,"covered":40,"skipped":0,"pct":39.6},"functions":{"total":4,"covered":0,"skipped":0,"pct":0},"statements":{"total":101,"covered":40,"skipped":0,"pct":39.6},"branches":{"total":1,"covered":1,"skipped":0,"pct":100}}
,"/Users/shyaam/Desktop/week2ecom/paymentworker/services/paymentService.js": {"lines":{"total":348,"covered":286,"skipped":0,"pct":82.18},"functions":{"total":9,"covered":6,"skipped":0,"pct":66.66},"statements":{"total":348,"covered":286,"skipped":0,"pct":82.18},"branches":{"total":41,"covered":19,"skipped":0,"pct":46.34}}
,"/Users/shyaam/Desktop/week2ecom/paymentworker/validation/paymentValidation.js": {"lines":{"total":19,"covered":19,"skipped":0,"pct":100},"functions":{"total":0,"covered":0,"skipped":0,"pct":100},"statements":{"total":19,"covered":19,"skipped":0,"pct":100},"branches":{"total":1,"covered":1,"skipped":0,"pct":100}}
,"/Users/shyaam/Desktop/week2ecom/pricingworker/index.js": {"lines":{"total":179,"covered":0,"skipped":0,"pct":0},"functions":{"total":1,"covered":0,"skipped":0,"pct":0},"statements":{"total":179,"covered":0,"skipped":0,"pct":0},"branches":{"total":1,"covered":0,"skipped":0,"pct":0}}
,"/Users/shyaam/Desktop/week2ecom/pricingworker/controllers/pricingController.js": {"lines":{"total":170,"covered":117,"skipped":0,"pct":68.82},"functions":{"total":6,"covered":5,"skipped":0,"pct":83.33},"statements":{"total":170,"covered":117,"skipped":0,"pct":68.82},"branches":{"total":14,"covered":9,"skipped":0,"pct":64.28}}
,"/Users/shyaam/Desktop/week2ecom/pricingworker/models/priceModel.js": {"lines":{"total":98,"covered":98,"skipped":0,"pct":100},"functions":{"total":4,"covered":4,"skipped":0,"pct":100},"statements":{"total":98,"covered":98,"skipped":0,"pct":100},"branches":{"total":12,"covered":11,"skipped":0,"pct":91.66}}
,"/Users/shyaam/Desktop/week2ecom/pricingworker/services/pricingService.js": {"lines":{"total":98,"covered":70,"skipped":0,"pct":71.42},"functions":{"total":4,"covered":3,"skipped":0,"pct":75},"statements":{"total":98,"covered":70,"skipped":0,"pct":71.42},"branches":{"total":8,"covered":7,"skipped":0,"pct":87.5}}
,"/Users/shyaam/Desktop/week2ecom/pricingworker/validation/pricingValidation.js": {"lines":{"total":14,"covered":14,"skipped":0,"pct":100},"functions":{"total":0,"covered":0,"skipped":0,"pct":100},"statements":{"total":14,"covered":14,"skipped":0,"pct":100},"branches":{"total":1,"covered":1,"skipped":0,"pct":100}}
,"/Users/shyaam/Desktop/week2ecom/ratingworker/index.js": {"lines":{"total":144,"covered":0,"skipped":0,"pct":0},"functions":{"total":1,"covered":0,"skipped":0,"pct":0},"statements":{"total":144,"covered":0,"skipped":0,"pct":0},"branches":{"total":1,"covered":0,"skipped":0,"pct":0}}
,"/Users/shyaam/Desktop/week2ecom/ratingworker/controllers/authController.js": {"lines":{"total":138,"covered":0,"skipped":0,"pct":0},"functions":{"total":1,"covered":0,"skipped":0,"pct":0},"statements":{"total":138,"covered":0,"skipped":0,"pct":0},"branches":{"total":1,"covered":0,"skipped":0,"pct":0}}
,"/Users/shyaam/Desktop/week2ecom/ratingworker/controllers/ratingController.js": {"lines":{"total":562,"covered":0,"skipped":0,"pct":0},"functions":{"total":1,"covered":0,"skipped":0,"pct":0},"statements":{"total":562,"covered":0,"skipped":0,"pct":0},"branches":{"total":1,"covered":0,"skipped":0,"pct":0}}
,"/Users/shyaam/Desktop/week2ecom/ratingworker/models/ratingModel.js": {"lines":{"total":146,"covered":136,"skipped":0,"pct":93.15},"functions":{"total":4,"covered":4,"skipped":0,"pct":100},"statements":{"total":146,"covered":136,"skipped":0,"pct":93.15},"branches":{"total":12,"covered":6,"skipped":0,"pct":50}}
,"/Users/shyaam/Desktop/week2ecom/ratingworker/services/ratingService.js": {"lines":{"total":60,"covered":60,"skipped":0,"pct":100},"functions":{"total":4,"covered":4,"skipped":0,"pct":100},"statements":{"total":60,"covered":60,"skipped":0,"pct":100},"branches":{"total":7,"covered":7,"skipped":0,"pct":100}}
,"/Users/shyaam/Desktop/week2ecom/ratingworker/validation/ratingValidation.js": {"lines":{"total":14,"covered":14,"skipped":0,"pct":100},"functions":{"total":0,"covered":0,"skipped":0,"pct":100},"statements":{"total":14,"covered":14,"skipped":0,"pct":100},"branches":{"total":1,"covered":1,"skipped":0,"pct":100}}
,"/Users/shyaam/Desktop/week2ecom/shared/utils/adminAuth.js": {"lines":{"total":165,"covered":99,"skipped":0,"pct":60},"functions":{"total":3,"covered":2,"skipped":0,"pct":66.66},"statements":{"total":165,"covered":99,"skipped":0,"pct":60},"branches":{"total":25,"covered":15,"skipped":0,"pct":60}}
,"/Users/shyaam/Desktop/week2ecom/shared/utils/cors.js": {"lines":{"total":59,"covered":59,"skipped":0,"pct":100},"functions":{"total":2,"covered":2,"skipped":0,"pct":100},"statements":{"total":59,"covered":59,"skipped":0,"pct":100},"branches":{"total":7,"covered":7,"skipped":0,"pct":100}}
,"/Users/shyaam/Desktop/week2ecom/shared/utils/database.js": {"lines":{"total":70,"covered":53,"skipped":0,"pct":75.71},"functions":{"total":3,"covered":1,"skipped":0,"pct":33.33},"statements":{"total":70,"covered":53,"skipped":0,"pct":75.71},"branches":{"total":4,"covered":3,"skipped":0,"pct":75}}
,"/Users/shyaam/Desktop/week2ecom/shared/utils/encryption.js": {"lines":{"total":50,"covered":48,"skipped":0,"pct":96},"functions":{"total":2,"covered":2,"skipped":0,"pct":100},"statements":{"total":50,"covered":48,"skipped":0,"pct":96},"branches":{"total":15,"covered":14,"skipped":0,"pct":93.33}}
,"/Users/shyaam/Desktop/week2ecom/shared/utils/errors.js": {"lines":{"total":90,"covered":90,"skipped":0,"pct":100},"functions":{"total":7,"covered":7,"skipped":0,"pct":100},"statements":{"total":90,"covered":90,"skipped":0,"pct":100},"branches":{"total":12,"covered":12,"skipped":0,"pct":100}}
,"/Users/shyaam/Desktop/week2ecom/shared/utils/interWorker.js": {"lines":{"total":137,"covered":129,"skipped":0,"pct":94.16},"functions":{"total":5,"covered":5,"skipped":0,"pct":100},"statements":{"total":137,"covered":129,"skipped":0,"pct":94.16},"branches":{"total":23,"covered":18,"skipped":0,"pct":78.26}}
,"/Users/shyaam/Desktop/week2ecom/shared/utils/logger.js": {"lines":{"total":166,"covered":129,"skipped":0,"pct":77.71},"functions":{"total":1,"covered":1,"skipped":0,"pct":100},"statements":{"total":166,"covered":129,"skipped":0,"pct":77.71},"branches":{"total":21,"covered":10,"skipped":0,"pct":47.61}}
,"/Users/shyaam/Desktop/week2ecom/shared/utils/otel.js": {"lines":{"total":422,"covered":333,"skipped":0,"pct":78.9},"functions":{"total":15,"covered":12,"skipped":0,"pct":80},"statements":{"total":422,"covered":333,"skipped":0,"pct":78.9},"branches":{"total":45,"covered":28,"skipped":0,"pct":62.22}}
}
